TSError: 执行命令 CreateDirectoriesCommand 出错: ⨯ Unable to compile TypeScript:
Users/tokyo/development/Project/Tokyo_Shelf/.dtpl/dtpl.ts(22,26): error TS7006: Parameter 'source' implicitly has an 'any' type.

    at createTSError (/Users/tokyo/development/Project/Tokyo_Shelf/node_modules/ts-node/src/index.ts:843:12)
    at reportTSError (/Users/tokyo/development/Project/Tokyo_Shelf/node_modules/ts-node/src/index.ts:847:19)
    at getOutput (/Users/tokyo/development/Project/Tokyo_Shelf/node_modules/ts-node/src/index.ts:1057:36)
    at Object.compile (/Users/tokyo/development/Project/Tokyo_Shelf/node_modules/ts-node/src/index.ts:1411:41)
    at Module.m._compile (/Users/tokyo/development/Project/Tokyo_Shelf/node_modules/ts-node/src/index.ts:1596:30)
    at Module._extensions..js (node:internal/modules/cjs/loader:1216:10)
    at Object.require.extensions.<computed> [as .ts] (/Users/tokyo/development/Project/Tokyo_Shelf/node_modules/ts-node/src/index.ts:1600:12)
    at Module.load (node:internal/modules/cjs/loader:1035:32)
    at Module._load (node:internal/modules/cjs/loader:876:12)
    at Function.c._load (node:electron/js2c/asar_bundle:5:13343)
    at Function.s._load (/Applications/Visual Studio Code.app/Contents/Resources/app/out/vs/workbench/api/node/extensionHostProcess.js:102:32307)
    at Function.b._load (/Applications/Visual Studio Code.app/Contents/Resources/app/out/vs/workbench/api/node/extensionHostProcess.js:102:28750)
    at Function._._load (/Applications/Visual Studio Code.app/Contents/Resources/app/out/vs/workbench/api/node/extensionHostProcess.js:97:61578)
    at Module.require (node:internal/modules/cjs/loader:1059:19)
    at _ (/Applications/Visual Studio Code.app/Contents/Resources/app/out/vs/loader.js:4:699)
    at Object.requireFile (/Users/tokyo/.vscode/extensions/qiu8310.dot-template-vscode-0.3.0/node_modules/dot-template-core/out/common/helper.js:116:12)
    at Source.loadDtplConfig (/Users/tokyo/.vscode/extensions/qiu8310.dot-template-vscode-0.3.0/node_modules/dot-template-core/out/core/file/Source.js:142:28)
    at Source.match (/Users/tokyo/.vscode/extensions/qiu8310.dot-template-vscode-0.3.0/node_modules/dot-template-core/out/core/file/Source.js:55:35)
    at CreateDirectoriesCommand.<anonymous> (/Users/tokyo/.vscode/extensions/qiu8310.dot-template-vscode-0.3.0/node_modules/dot-template-core/out/core/commands/CreateDirectoriesCommand.js:45:80)
    at step (/Users/tokyo/.vscode/extensions/qiu8310.dot-template-vscode-0.3.0/node_modules/dot-template-core/node_modules/tslib/tslib.js:133:27)
    at Object.next (/Users/tokyo/.vscode/extensions/qiu8310.dot-template-vscode-0.3.0/node_modules/dot-template-core/node_modules/tslib/tslib.js:114:57)
    at /Users/tokyo/.vscode/extensions/qiu8310.dot-template-vscode-0.3.0/node_modules/dot-template-core/node_modules/tslib/tslib.js:107:75
    at new Promise (<anonymous>)
    at Object.__awaiter (/Users/tokyo/.vscode/extensions/qiu8310.dot-template-vscode-0.3.0/node_modules/dot-template-core/node_modules/tslib/tslib.js:103:16)
    at /Users/tokyo/.vscode/extensions/qiu8310.dot-template-vscode-0.3.0/node_modules/dot-template-core/out/core/commands/CreateDirectoriesCommand.js:36:110
    at Object.<anonymous> (/Users/tokyo/.vscode/extensions/qiu8310.dot-template-vscode-0.3.0/node_modules/dot-template-core/out/common/helper.js:44:58)
    at step (/Users/tokyo/.vscode/extensions/qiu8310.dot-template-vscode-0.3.0/node_modules/dot-template-core/node_modules/tslib/tslib.js:133:27)
    at Object.next (/Users/tokyo/.vscode/extensions/qiu8310.dot-template-vscode-0.3.0/node_modules/dot-template-core/node_modules/tslib/tslib.js:114:57)
    at /Users/tokyo/.vscode/extensions/qiu8310.dot-template-vscode-0.3.0/node_modules/dot-template-core/node_modules/tslib/tslib.js:107:75
    at new Promise (<anonymous>)
    at Object.__awaiter (/Users/tokyo/.vscode/extensions/qiu8310.dot-template-vscode-0.3.0/node_modules/dot-template-core/node_modules/tslib/tslib.js:103:16)
    at /Users/tokyo/.vscode/extensions/qiu8310.dot-template-vscode-0.3.0/node_modules/dot-template-core/out/common/helper.js:42:53
    at Object.<anonymous> (/Users/tokyo/.vscode/extensions/qiu8310.dot-template-vscode-0.3.0/node_modules/dot-template-core/out/common/helper.js:49:42)
    at step (/Users/tokyo/.vscode/extensions/qiu8310.dot-template-vscode-0.3.0/node_modules/dot-template-core/node_modules/tslib/tslib.js:133:27)
    at Object.next (/Users/tokyo/.vscode/extensions/qiu8310.dot-template-vscode-0.3.0/node_modules/dot-template-core/node_modules/tslib/tslib.js:114:57)
    at /Users/tokyo/.vscode/extensions/qiu8310.dot-template-vscode-0.3.0/node_modules/dot-template-core/node_modules/tslib/tslib.js:107:75
    at new Promise (<anonymous>)
    at Object.__awaiter (/Users/tokyo/.vscode/extensions/qiu8310.dot-template-vscode-0.3.0/node_modules/dot-template-core/node_modules/tslib/tslib.js:103:16)
    at Object.series (/Users/tokyo/.vscode/extensions/qiu8310.dot-template-vscode-0.3.0/node_modules/dot-template-core/out/common/helper.js:18:20)
    at CreateDirectoriesCommand.<anonymous> (/Users/tokyo/.vscode/extensions/qiu8310.dot-template-vscode-0.3.0/node_modules/dot-template-core/out/core/commands/CreateDirectoriesCommand.js:36:55)
    at step (/Users/tokyo/.vscode/extensions/qiu8310.dot-template-vscode-0.3.0/node_modules/dot-template-core/node_modules/tslib/tslib.js:133:27)
    at Object.next (/Users/tokyo/.vscode/extensions/qiu8310.dot-template-vscode-0.3.0/node_modules/dot-template-core/node_modules/tslib/tslib.js:114:57)
    at /Users/tokyo/.vscode/extensions/qiu8310.dot-template-vscode-0.3.0/node_modules/dot-template-core/node_modules/tslib/tslib.js:107:75
    at new Promise (<anonymous>)
    at Object.__awaiter (/Users/tokyo/.vscode/extensions/qiu8310.dot-template-vscode-0.3.0/node_modules/dot-template-core/node_modules/tslib/tslib.js:103:16)
    at CreateDirectoriesCommand.execute (/Users/tokyo/.vscode/extensions/qiu8310.dot-template-vscode-0.3.0/node_modules/dot-template-core/out/core/commands/CreateDirectoriesCommand.js:28:24)
    at CreateDirectoriesCommand.<anonymous> (/Users/tokyo/.vscode/extensions/qiu8310.dot-template-vscode-0.3.0/node_modules/dot-template-core/out/core/commands/Command.js:190:51)
    at step (/Users/tokyo/.vscode/extensions/qiu8310.dot-template-vscode-0.3.0/node_modules/dot-template-core/node_modules/tslib/tslib.js:133:27)
    at Object.next (/Users/tokyo/.vscode/extensions/qiu8310.dot-template-vscode-0.3.0/node_modules/dot-template-core/node_modules/tslib/tslib.js:114:57)
    at /Users/tokyo/.vscode/extensions/qiu8310.dot-template-vscode-0.3.0/node_modules/dot-template-core/node_modules/tslib/tslib.js:107:75
    at new Promise (<anonymous>)
    at Object.__awaiter (/Users/tokyo/.vscode/extensions/qiu8310.dot-template-vscode-0.3.0/node_modules/dot-template-core/node_modules/tslib/tslib.js:103:16)
    at CreateDirectoriesCommand.Command.run (/Users/tokyo/.vscode/extensions/qiu8310.dot-template-vscode-0.3.0/node_modules/dot-template-core/out/core/commands/Command.js:179:24)
    at Commander.<anonymous> (/Users/tokyo/.vscode/extensions/qiu8310.dot-template-vscode-0.3.0/node_modules/dot-template-core/out/core/Commander.js:43:54)
    at step (/Users/tokyo/.vscode/extensions/qiu8310.dot-template-vscode-0.3.0/node_modules/dot-template-core/node_modules/tslib/tslib.js:133:27)
    at Object.next (/Users/tokyo/.vscode/extensions/qiu8310.dot-template-vscode-0.3.0/node_modules/dot-template-core/node_modules/tslib/tslib.js:114:57)
    at /Users/tokyo/.vscode/extensions/qiu8310.dot-template-vscode-0.3.0/node_modules/dot-template-core/node_modules/tslib/tslib.js:107:75
    at new Promise (<anonymous>)
    at Object.__awaiter (/Users/tokyo/.vscode/extensions/qiu8310.dot-template-vscode-0.3.0/node_modules/dot-template-core/node_modules/tslib/tslib.js:103:16)
    at Commander.runCommand (/Users/tokyo/.vscode/extensions/qiu8310.dot-template-vscode-0.3.0/node_modules/dot-template-core/out/core/Commander.js:24:24)
    at Commander.<anonymous> (/Users/tokyo/.vscode/extensions/qiu8310.dot-template-vscode-0.3.0/node_modules/dot-template-core/out/core/Commander.js:99:51)
    at step (/Users/tokyo/.vscode/extensions/qiu8310.dot-template-vscode-0.3.0/node_modules/dot-template-core/node_modules/tslib/tslib.js:133:27)
    at Object.next (/Users/tokyo/.vscode/extensions/qiu8310.dot-template-vscode-0.3.0/node_modules/dot-template-core/node_modules/tslib/tslib.js:114:57)
    at /Users/tokyo/.vscode/extensions/qiu8310.dot-template-vscode-0.3.0/node_modules/dot-template-core/node_modules/tslib/tslib.js:107:75
    at new Promise (<anonymous>)
    at Object.__awaiter (/Users/tokyo/.vscode/extensions/qiu8310.dot-template-vscode-0.3.0/node_modules/dot-template-core/node_modules/tslib/tslib.js:103:16)
    at Commander.add (/Users/tokyo/.vscode/extensions/qiu8310.dot-template-vscode-0.3.0/node_modules/dot-template-core/out/core/Commander.js:92:24)
    at /Users/tokyo/.vscode/extensions/qiu8310.dot-template-vscode-0.3.0/node_modules/dot-template-core/out/core/Commander.js:144:76
    at Commander.<anonymous> (/Users/tokyo/.vscode/extensions/qiu8310.dot-template-vscode-0.3.0/node_modules/dot-template-core/out/core/Commander.js:129:46)
    at step (/Users/tokyo/.vscode/extensions/qiu8310.dot-template-vscode-0.3.0/node_modules/dot-template-core/node_modules/tslib/tslib.js:133:27)
    at Object.next (/Users/tokyo/.vscode/extensions/qiu8310.dot-template-vscode-0.3.0/node_modules/dot-template-core/node_modules/tslib/tslib.js:114:57)
    at /Users/tokyo/.vscode/extensions/qiu8310.dot-template-vscode-0.3.0/node_modules/dot-template-core/node_modules/tslib/tslib.js:107:75
    at new Promise (<anonymous>)
    at Object.__awaiter (/Users/tokyo/.vscode/extensions/qiu8310.dot-template-vscode-0.3.0/node_modules/dot-template-core/node_modules/tslib/tslib.js:103:16)
    at Commander.wrap (/Users/tokyo/.vscode/extensions/qiu8310.dot-template-vscode-0.3.0/node_modules/dot-template-core/out/core/Commander.js:123:24)
    at Commander.<anonymous> (/Users/tokyo/.vscode/extensions/qiu8310.dot-template-vscode-0.3.0/node_modules/dot-template-core/out/core/Commander.js:144:44)
    at step (/Users/tokyo/.vscode/extensions/qiu8310.dot-template-vscode-0.3.0/node_modules/dot-template-core/node_modules/tslib/tslib.js:133:27)
    at Object.next (/Users/tokyo/.vscode/extensions/qiu8310.dot-template-vscode-0.3.0/node_modules/dot-template-core/node_modules/tslib/tslib.js:114:57)
    at /Users/tokyo/.vscode/extensions/qiu8310.dot-template-vscode-0.3.0/node_modules/dot-template-core/node_modules/tslib/tslib.js:107:75
    at new Promise (<anonymous>)
    at Object.__awaiter (/Users/tokyo/.vscode/extensions/qiu8310.dot-template-vscode-0.3.0/node_modules/dot-template-core/node_modules/tslib/tslib.js:103:16)
    at Commander.addCreateDirectoriesCommand (/Users/tokyo/.vscode/extensions/qiu8310.dot-template-vscode-0.3.0/node_modules/dot-template-core/out/core/Commander.js:141:24)
    at Application.<anonymous> (/Users/tokyo/.vscode/extensions/qiu8310.dot-template-vscode-0.3.0/node_modules/dot-template-core/out/core/Application.js:30:65)
    at step (/Users/tokyo/.vscode/extensions/qiu8310.dot-template-vscode-0.3.0/node_modules/dot-template-core/node_modules/tslib/tslib.js:133:27)
    at Object.next (/Users/tokyo/.vscode/extensions/qiu8310.dot-template-vscode-0.3.0/node_modules/dot-template-core/node_modules/tslib/tslib.js:114:57)
    at /Users/tokyo/.vscode/extensions/qiu8310.dot-template-vscode-0.3.0/node_modules/dot-template-core/node_modules/tslib/tslib.js:107:75
    at new Promise (<anonymous>)
    at Object.__awaiter (/Users/tokyo/.vscode/extensions/qiu8310.dot-template-vscode-0.3.0/node_modules/dot-template-core/node_modules/tslib/tslib.js:103:16)
    at Application.createDirectories (/Users/tokyo/.vscode/extensions/qiu8310.dot-template-vscode-0.3.0/node_modules/dot-template-core/out/core/Application.js:25:28)
    at Application.<anonymous> (/Users/tokyo/.vscode/extensions/qiu8310.dot-template-vscode-0.3.0/node_modules/dot-template-core/out/core/Application.js:118:51)
    at step (/Users/tokyo/.vscode/extensions/qiu8310.dot-template-vscode-0.3.0/node_modules/dot-template-core/node_modules/tslib/tslib.js:133:27)
    at Object.next (/Users/tokyo/.vscode/extensions/qiu8310.dot-template-vscode-0.3.0/node_modules/dot-template-core/node_modules/tslib/tslib.js:114:57)
    at /Users/tokyo/.vscode/extensions/qiu8310.dot-template-vscode-0.3.0/node_modules/dot-template-core/node_modules/tslib/tslib.js:107:75
    at new Promise (<anonymous>)
    at Object.__awaiter (/Users/tokyo/.vscode/extensions/qiu8310.dot-template-vscode-0.3.0/node_modules/dot-template-core/node_modules/tslib/tslib.js:103:16)
    at run (/Users/tokyo/.vscode/extensions/qiu8310.dot-template-vscode-0.3.0/node_modules/dot-template-core/out/core/Application.js:84:48)
    at Application.<anonymous> (/Users/tokyo/.vscode/extensions/qiu8310.dot-template-vscode-0.3.0/node_modules/dot-template-core/out/core/Application.js:153:50)
    at step (/Users/tokyo/.vscode/extensions/qiu8310.dot-template-vscode-0.3.0/node_modules/dot-template-core/node_modules/tslib/tslib.js:133:27)
    at Object.next (/Users/tokyo/.vscode/extensions/qiu8310.dot-template-vscode-0.3.0/node_modules/dot-template-core/node_modules/tslib/tslib.js:114:57)
    at /Users/tokyo/.vscode/extensions/qiu8310.dot-template-vscode-0.3.0/node_modules/dot-template-core/node_modules/tslib/tslib.js:107:75